<?xml version="1.0" encoding="UTF-8"?>
<testsuite xmlns:xsi="http://www.w3.org/2001/XMLSchema-instance" xsi:noNamespaceSchemaLocation="https://maven.apache.org/surefire/maven-surefire-plugin/xsd/surefire-test-report.xsd" name="KeithCaram.GuitarTest" time="0.012" tests="3" errors="0" skipped="0" failures="0">
  <properties>
[...]
</properties>
  <testcase name="createClassical" classname="KeithCaram.GuitarTest" time="0.01"/>
  <testcase name="createAcoustic" classname="KeithCaram.GuitarTest" time="0"/>
  <testcase name="createElectric" classname="KeithCaram.GuitarTest" time="0"/>
</testsuite>